<?xml version="1.0" encoding="UTF-8"?>
<testsuite name="edu.bbte.bibliospring.backend.service.UserServiceTests" tests="7" skipped="0" failures="0" errors="0" timestamp="2023-05-04T14:20:38" hostname="LAPTOP-1DJBS0KD" time="0.132">
  <properties/>
  <testcase name="register_positive()" classname="edu.bbte.bibliospring.backend.service.UserServiceTests" time="0.036"/>
  <testcase name="register_negative()" classname="edu.bbte.bibliospring.backend.service.UserServiceTests" time="0.015"/>
  <testcase name="login_positive()" classname="edu.bbte.bibliospring.backend.service.UserServiceTests" time="0.023"/>
  <testcase name="login_negative()" classname="edu.bbte.bibliospring.backend.service.UserServiceTests" time="0.012"/>
  <testcase name="find_positive()" classname="edu.bbte.bibliospring.backend.service.UserServiceTests" time="0.007"/>
  <testcase name="findall_positive()" classname="edu.bbte.bibliospring.backend.service.UserServiceTests" time="0.007"/>
  <testcase name="update_positive()" classname="edu.bbte.bibliospring.backend.service.UserServiceTests" time="0.023"/>
  <system-out><![CDATA[17:20:38.814 [Test worker] ERROR e.b.b.b.service.impl.UserServiceImpl - Uniqueness of users violated
]]></system-out>
  <system-err><![CDATA[]]></system-err>
</testsuite>
